2025-12-21 20:14:24 INFO shop Rendering @shop/show
2025-12-21 20:14:24 INFO shop Route /shop/oeuvre-1-1 matched
2025-12-21 20:14:27 INFO shop Route / matched
2025-12-21 20:14:46 INFO shop Rendering @shop/cart
2025-12-21 20:15:17 INFO shop Rendering @shop/cart
2025-12-21 20:15:19 INFO shop Rendering @shop/shop
2025-12-21 20:15:19 INFO shop Route /shop matched
2025-12-21 20:16:36 INFO shop No route for/shop/dfjsds
2025-12-21 20:16:36 INFO shop Route / matched
2025-12-21 20:17:11 INFO shop Rendering @shop/cart
2025-12-21 20:44:04 INFO shop Route / matched
2025-12-21 20:44:09 INFO shop Rendering @shop/show
2025-12-21 20:44:09 INFO shop Route /shop/oeuvre-1-1 matched
2025-12-21 20:44:32 INFO shop Route / matched
2025-12-21 20:44:37 INFO shop Rendering @shop/show
2025-12-21 20:44:37 INFO shop Route /shop/oeuvre-1-1 matched
2025-12-21 20:44:41 INFO shop No route for/shop/cart
2025-12-21 20:44:41 INFO shop Route / matched
2025-12-21 20:51:51 INFO shop Rendering @shop/shop
2025-12-21 20:51:51 INFO shop Route /shop matched
2025-12-21 20:51:53 INFO shop Rendering @shop/show
2025-12-21 20:51:53 INFO shop Route /shop/oeuvre-1-1 matched
2025-12-21 20:51:56 INFO shop No route for/shop/cart
2025-12-21 20:51:56 INFO shop Route / matched
2025-12-21 20:52:37 INFO shop Route / matched
2025-12-21 20:52:42 INFO shop Rendering @shop/show
2025-12-21 20:52:42 INFO shop Route /shop/oeuvre-1-1 matched
2025-12-21 20:52:45 INFO shop No route for/shop/oeuvre-1-1
2025-12-21 20:52:45 INFO shop Route / matched
2025-12-21 20:57:52 INFO shop Rendering @shop/shop
2025-12-21 20:57:52 INFO shop Route /shop matched
2025-12-21 21:01:09 INFO shop Rendering @shop/shop
2025-12-21 21:01:09 INFO shop Route /shop matched
2025-12-21 21:01:11 INFO shop Rendering @shop/show
2025-12-21 21:01:11 INFO shop Route /shop/oeuvre-1-1 matched
2025-12-21 21:02:39 INFO shop Rendering @shop/show
2025-12-21 21:02:39 INFO shop Route /shop/oeuvre-1-1 matched
2025-12-21 21:04:00 INFO shop Rendering @shop/shop
2025-12-21 21:04:00 INFO shop Route /shop matched
2025-12-21 21:04:43 INFO shop Rendering @shop/shop
2025-12-21 21:04:43 INFO shop Route /shop matched
2025-12-21 21:04:46 INFO shop Rendering @shop/show
2025-12-21 21:04:46 INFO shop Route /shop/oeuvre-1-1 matched
2025-12-21 21:05:36 INFO shop Rendering @shop/show
2025-12-21 21:05:36 INFO shop Route /shop/oeuvre-1-1 matched
2025-12-21 21:06:38 INFO shop Rendering @shop/show
2025-12-21 21:06:38 INFO shop Route /shop/oeuvre-1-1 matched
2025-12-21 21:06:41 INFO shop Route /shop/cart/new matched
2025-12-21 21:17:43 INFO shop Route / matched
2025-12-21 21:17:53 INFO shop Rendering @shop/show
2025-12-21 21:17:53 INFO shop Route /shop/oeuvre-1-1 matched
2025-12-21 21:20:11 INFO shop Route / matched
2025-12-21 21:20:18 INFO shop Rendering @shop/show
2025-12-21 21:20:18 INFO shop Route /shop/oeuvre-1-1 matched
2025-12-21 21:21:10 INFO shop Route / matched
2025-12-21 21:21:15 INFO shop Rendering @shop/show
2025-12-21 21:21:15 INFO shop Route /shop/oeuvre-1-1 matched
2025-12-21 21:31:27 INFO shop Rendering @shop/shop
2025-12-21 21:31:27 INFO shop Route /shop matched
2025-12-21 21:31:32 INFO shop Rendering @shop/show
2025-12-21 21:31:32 INFO shop Route /shop/oeuvre-1-1 matched
2025-12-21 21:34:43 INFO shop Rendering @shop/shop
2025-12-21 21:34:43 INFO shop Route /shop matched
2025-12-21 21:35:28 INFO shop Rendering @shop/show
2025-12-21 21:35:28 INFO shop Route /shop/oeuvre-1-1 matched
2025-12-21 21:39:14 INFO shop Rendering @shop/shop
2025-12-21 21:39:14 INFO shop Route /shop matched
2025-12-21 21:39:18 INFO shop Rendering @shop/show
2025-12-21 21:39:18 INFO shop Route /shop/oeuvre-1-1 matched
2025-12-21 21:43:36 INFO shop Route / matched
2025-12-21 21:43:42 INFO shop Rendering @shop/show
2025-12-21 21:43:42 INFO shop Route /shop/oeuvre-1-1 matched
2025-12-21 21:43:45 INFO shop Route /shop/cart/1 matched
2025-12-21 21:43:45 INFO shop No route for/shop/%7Bslug:[a-z/-0-9]+%7D-1
2025-12-21 21:43:45 INFO shop Route / matched
2025-12-21 21:44:15 INFO shop Rendering @shop/show
2025-12-21 21:44:15 INFO shop Route /shop/oeuvre-1-1 matched
2025-12-21 21:44:17 INFO shop Route /shop/cart/1 matched
2025-12-21 21:44:17 INFO shop No route for/shop/%7Bslug:[a-z/-0-9]+%7D-1
2025-12-21 21:44:18 INFO shop Route / matched
2025-12-21 21:45:22 INFO shop Rendering @shop/show
2025-12-21 21:45:22 INFO shop Route /shop/oeuvre-1-1 matched
2025-12-21 21:45:27 INFO shop Route /shop/cart/1 matched
2025-12-21 21:45:27 INFO shop No route for/shop/%7Bslug:[a-z/-0-9]+%7D-1
2025-12-21 21:45:27 INFO shop Route / matched
2025-12-21 21:46:34 INFO shop Rendering @shop/show
2025-12-21 21:46:34 INFO shop Route /shop/oeuvre-1-1 matched
2025-12-21 21:46:38 INFO shop Route /shop/cart/1 matched
2025-12-21 21:47:24 INFO shop Route /shop/cart/1 matched
2025-12-21 21:47:51 INFO shop Route /shop/cart/1 matched
2025-12-21 21:48:26 INFO shop Rendering @shop/shop
2025-12-21 21:48:26 INFO shop Route /shop/ matched
2025-12-21 21:48:26 INFO shop Rendering @shop/shop
2025-12-21 21:48:26 INFO shop Route /shop matched
2025-12-21 21:48:28 INFO shop Rendering @shop/show
2025-12-21 21:48:28 INFO shop Route /shop/oeuvre-1-1 matched
2025-12-21 21:48:31 INFO shop Route /shop/cart/1 matched
2025-12-21 21:50:38 INFO shop No route for/shop/cart
2025-12-21 21:50:38 INFO shop Route / matched
2025-12-21 21:50:51 INFO shop Rendering @shop/show
2025-12-21 21:50:51 INFO shop Route /shop/oeuvre-1-1 matched
2025-12-21 21:51:15 INFO shop Rendering @shop/show
2025-12-21 21:51:15 INFO shop Route /shop/oeuvre-1-1 matched
2025-12-21 21:51:18 INFO shop Route /shop/cart/1 matched
2025-12-21 22:01:56 INFO shop Route /shop/cart matched
2025-12-21 22:04:39 INFO shop Route /shop/cart matched
2025-12-21 22:07:04 INFO shop Route / matched
2025-12-21 22:07:14 INFO shop Rendering @shop/show
2025-12-21 22:07:14 INFO shop Route /shop/oeuvre-2-2 matched
2025-12-21 22:08:42 INFO shop Route / matched
2025-12-21 22:10:07 INFO shop Route / matched
2025-12-21 22:10:14 INFO shop Rendering @shop/show
2025-12-21 22:10:14 INFO shop Route /shop/oeuvre-1-1 matched
2025-12-21 22:11:58 INFO shop Rendering @shop/shop
2025-12-21 22:11:58 INFO shop Route /shop/ matched
2025-12-21 22:11:58 INFO shop Rendering @shop/shop
2025-12-21 22:11:58 INFO shop Route /shop matched
2025-12-21 22:12:02 INFO shop Rendering @shop/show
2025-12-21 22:12:02 INFO shop Route /shop/oeuvre-3-3 matched
2025-12-21 22:12:57 INFO shop Rendering @shop/shop
2025-12-21 22:12:57 INFO shop Route /shop matched
2025-12-21 22:13:01 INFO shop Rendering @shop/show
2025-12-21 22:13:01 INFO shop Route /shop/oeuvre-1-1 matched
2025-12-21 22:15:29 INFO shop Route /shop/cart/1 matched
2025-12-21 22:15:29 INFO shop Route /shop/cart matched
2025-12-21 22:15:37 INFO shop Route / matched
2025-12-21 22:15:42 INFO shop Rendering @shop/show
2025-12-21 22:15:42 INFO shop Route /shop/oeuvre-3-3 matched
2025-12-21 22:15:44 INFO shop Route /shop/cart/3 matched
2025-12-21 22:15:44 INFO shop Route /shop/cart matched
2025-12-21 22:16:19 INFO shop Route / matched
2025-12-21 22:16:24 INFO shop Rendering @shop/show
2025-12-21 22:16:24 INFO shop Route /shop/oeuvre-1-1 matched
2025-12-21 22:16:26 INFO shop Route /shop/cart/1 matched
2025-12-21 22:16:26 INFO shop Route /shop/cart matched
2025-12-21 22:17:19 INFO shop Route /shop/cart matched
2025-12-21 22:19:09 INFO shop Route / matched
2025-12-21 22:22:41 INFO shop Route / matched
2025-12-21 22:22:48 INFO shop Route /shop/cart matched
2025-12-21 22:26:01 INFO shop Route /shop/cart matched
2025-12-21 22:26:05 INFO shop Route /shop/cart matched
2025-12-21 22:26:16 INFO shop Route / matched
2025-12-21 22:26:22 INFO shop Rendering @shop/show
2025-12-21 22:26:22 INFO shop Route /shop/oeuvre-4-4 matched
2025-12-21 22:26:24 INFO shop Route /shop/cart/4 matched
2025-12-21 22:26:24 INFO shop Route /shop/cart matched
2025-12-21 22:29:45 INFO shop Route /shop/cart matched
2025-12-21 22:29:49 INFO shop Route / matched
2025-12-21 22:30:20 INFO shop Route / matched
2025-12-21 22:30:23 INFO shop Route /shop/cart matched
2025-12-21 22:30:41 INFO shop Route /shop/cart matched
2025-12-21 22:32:51 INFO shop Route /shop/cart matched
2025-12-21 22:32:54 INFO shop Route / matched
2025-12-21 22:33:18 INFO shop Route / matched
2025-12-21 22:34:07 INFO shop Route /shop/cart matched
2025-12-21 22:34:13 INFO shop Route / matched
2025-12-21 22:37:24 INFO shop Route /shop/cart matched
2025-12-21 22:40:59 INFO shop Route /shop/cart matched
2025-12-21 22:41:05 INFO shop Route / matched
2025-12-21 22:41:09 INFO shop Rendering @shop/show
2025-12-21 22:41:09 INFO shop Route /shop/oeuvre-4-4 matched
2025-12-21 22:41:12 INFO shop Route /shop/cart/4 matched
2025-12-21 22:41:12 INFO shop Route /shop/cart matched
2025-12-21 22:41:22 INFO shop Rendering @shop/shop
2025-12-21 22:41:22 INFO shop Route /shop matched
2025-12-21 22:41:25 INFO shop Rendering @shop/show
2025-12-21 22:41:25 INFO shop Route /shop/oeuvre-7-7 matched
2025-12-21 22:41:28 INFO shop Route /shop/cart/7 matched
2025-12-21 22:41:28 INFO shop Route /shop/cart matched
2025-12-21 22:42:31 INFO shop Route / matched
2025-12-21 22:42:36 INFO shop Rendering @shop/show
2025-12-21 22:42:36 INFO shop Route /shop/oeuvre-3-3 matched
2025-12-21 22:42:40 INFO shop Route /shop/cart/3 matched
2025-12-21 22:42:40 INFO shop Route /shop/cart matched
2025-12-21 22:47:17 INFO shop Route /shop/cart matched
2025-12-21 22:49:55 INFO shop Route / matched
2025-12-21 22:50:00 INFO shop Route /shop/cart matched
2025-12-21 22:50:25 INFO shop Route /shop/cart matched
2025-12-21 22:56:23 INFO shop Route /shop/cart matched
2025-12-21 22:56:48 INFO shop Route /shop/cart matched
2025-12-21 23:01:21 INFO shop Route /shop/cart matched
2025-12-21 23:01:29 INFO shop Route / matched
2025-12-21 23:02:10 INFO shop Route / matched
2025-12-21 23:04:23 INFO shop Route /shop/cart matched
2025-12-21 23:05:05 INFO shop Route /shop/cart matched
2025-12-21 23:05:51 INFO shop Route / matched
2025-12-21 23:09:49 INFO shop Route / matched
2025-12-21 23:09:55 INFO shop Route /shop/cart matched
2025-12-21 23:16:36 INFO shop Route / matched
2025-12-21 23:16:44 INFO shop Rendering @shop/shop
2025-12-21 23:16:44 INFO shop Route /shop matched
